<?xml version="1.0" encoding="UTF-8"?>
<testsuite xmlns:xsi="http://www.w3.org/2001/XMLSchema-instance" xsi:noNamespaceSchemaLocation="https://maven.apache.org/surefire/maven-surefire-plugin/xsd/surefire-test-report.xsd" name="TestSuite" time="2.116" tests="16" errors="0" skipped="0" failures="0">
  <properties>
[...]
</properties>
  <testcase name="TC01" classname="features.testng.TestNGSuite1" time="0.019"/>
  <testcase name="TC02" classname="features.testng.TestNGSuite1" time="0.002"/>
  <testcase name="TC03" classname="features.testng.TestNGSuite1" time="0.004"/>
  <testcase name="TC04" classname="features.testng.TestNGSuite1" time="0.002"/>
  <testcase name="TC05" classname="features.testng.TestNGSuite1" time="0.002"/>
  <testcase name="TC06" classname="features.testng.TestNGSuite1" time="0.001"/>
  <testcase name="TC01" classname="features.testng.TestNGSuite3" time="0.001"/>
  <testcase name="TC02" classname="features.testng.TestNGSuite3" time="0.003"/>
  <testcase name="TC03" classname="features.testng.TestNGSuite3" time="0.002"/>
  <testcase name="TC04" classname="features.testng.TestNGSuite3" time="0.009"/>
  <testcase name="TC05" classname="features.testng.TestNGSuite3" time="0.005"/>
  <testcase name="TC01" classname="features.testng.TestNgSuite2" time="0.003"/>
  <testcase name="TC02" classname="features.testng.TestNgSuite2" time="0.001"/>
  <testcase name="TC03" classname="features.testng.TestNgSuite2" time="0.002"/>
  <testcase name="TC04" classname="features.testng.TestNgSuite2" time="0.001"/>
  <testcase name="TC05" classname="features.testng.TestNgSuite2" time="0.002"/>
</testsuite>