<?xml version="1.0" encoding="UTF-8"?>
<!-- Generated by org.testng.reporters.JUnitXMLReporter -->
<testsuite hostname="HaDos-MacBook-Pro.local" ignored="8" name="Suite 1" tests="16" failures="0" timestamp="27 May 2018 04:28:11 GMT" time="0.578" errors="0">
  <testcase name="TC01" time="0.104" classname="features.testng.TestNGSuite1"/>
  <testcase name="TC02" time="0.003" classname="features.testng.TestNGSuite1"/>
  <testcase name="TC03" time="0.005" classname="features.testng.TestNGSuite1"/>
  <testcase name="TC04" time="0.004" classname="features.testng.TestNGSuite1"/>
  <testcase name="TC05" time="0.003" classname="features.testng.TestNGSuite1"/>
  <testcase name="TC06" time="0.005" classname="features.testng.TestNGSuite1"/>
  <testcase name="TC01" time="0.004" classname="features.testng.TestNGSuite3"/>
  <testcase name="TC02" time="0.003" classname="features.testng.TestNGSuite3"/>
  <testcase name="TC03" time="0.003" classname="features.testng.TestNGSuite3"/>
  <testcase name="TC04" time="0.002" classname="features.testng.TestNGSuite3"/>
  <testcase name="TC05" time="0.003" classname="features.testng.TestNGSuite3"/>
  <testcase name="TC01" time="0.002" classname="features.testng.TestNgSuite2"/>
  <testcase name="TC02" time="0.001" classname="features.testng.TestNgSuite2"/>
  <testcase name="TC03" time="0.001" classname="features.testng.TestNgSuite2"/>
  <testcase name="TC04" time="0.001" classname="features.testng.TestNgSuite2"/>
  <testcase name="TC05" time="0.002" classname="features.testng.TestNgSuite2"/>
  <testcase name="@BeforeSuite beforeSuite" time="0.0" classname="common.BaseTest">
    <ignored/>
  </testcase> <!-- @BeforeSuite beforeSuite -->
  <testcase name="@BeforeSuite beforeSuite" time="0.0" classname="common.BaseTest">
    <ignored/>
  </testcase> <!-- @BeforeSuite beforeSuite -->
  <testcase name="@BeforeTest beforeTest" time="0.0" classname="common.BaseTest">
    <ignored/>
  </testcase> <!-- @BeforeTest beforeTest -->
  <testcase name="@BeforeTest beforeTest" time="0.0" classname="common.BaseTest">
    <ignored/>
  </testcase> <!-- @BeforeTest beforeTest -->
  <testcase name="@AfterSuite afterSuite" time="0.0" classname="common.BaseTest">
    <ignored/>
  </testcase> <!-- @AfterSuite afterSuite -->
  <testcase name="@AfterSuite afterSuite" time="0.0" classname="common.BaseTest">
    <ignored/>
  </testcase> <!-- @AfterSuite afterSuite -->
  <testcase name="@AfterTest afterTest" time="0.0" classname="common.BaseTest">
    <ignored/>
  </testcase> <!-- @AfterTest afterTest -->
  <testcase name="@AfterTest afterTest" time="0.0" classname="common.BaseTest">
    <ignored/>
  </testcase> <!-- @AfterTest afterTest -->
</testsuite> <!-- Suite 1 -->
